{
  "RSpec": {
    "coverage": {
      "/home/adventurous-sequence-7102/tic-tac-toe-rb-ruby-apply-000/lib/tic_tac_toe.rb": [
        null,
        1,
        null,
        null,
        null,
        null,
        null,
        null,
        null,
        null,
        null,
        1,
        5,
        5,
        5,
        5,
        5,
        null,
        null,
        1,
        24,
        null,
        null,
        1,
        23,
        null,
        null,
        1,
        26,
        23,
        null,
        3,
        null,
        null,
        1,
        24,
        null,
        null,
        null,
        null,
        null,
        1,
        220,
        null,
        null,
        1,
        21,
        7,
        null,
        14,
        null,
        null,
        null,
        1,
        21,
        21,
        21,
        20,
        null,
        1,
        null,
        null,
        null,
        1,
        33,
        218,
        218,
        218,
        null,
        218,
        12,
        null,
        null,
        21,
        null,
        null,
        1,
        206,
        null,
        null,
        1,
        15,
        null,
        null,
        1,
        22,
        null,
        null,
        1,
        14,
        14,
        6,
        null,
        null,
        null,
        null,
        null,
        1,
        12,
        18,
        null,
        null,
        12,
        12,
        5,
        null,
        7,
        null,
        null
      ]
    },
    "timestamp": 1598079547
  }
}
